<?xml version="1.0" encoding="UTF-8"?>
<testsuite xmlns:xsi="http://www.w3.org/2001/XMLSchema-instance" xsi:noNamespaceSchemaLocation="https://maven.apache.org/surefire/maven-surefire-plugin/xsd/surefire-test-report.xsd" name="MavenEmailPlugin.SendmailMojoTest" time="3.281" tests="2" errors="0" skipped="0" failures="0">
  <properties>
[...]
</properties>
  <testcase name="testSomething" classname="MavenEmailPlugin.SendmailMojoTest" time="3.023"/>
  <testcase name="testSomethingWhichDoesNotNeedTheMojoAndProbablyShouldBeExtractedIntoANewClassOfItsOwn" classname="MavenEmailPlugin.SendmailMojoTest" time="0"/>
</testsuite>